D:\studia\Semestr V\Inżynieria Oprogramowania\git\rogalik\Kod\rogalik\Debug\cl.command.1.tlog
D:\studia\Semestr V\Inżynieria Oprogramowania\git\rogalik\Kod\rogalik\Debug\CL.read.1.tlog
D:\studia\Semestr V\Inżynieria Oprogramowania\git\rogalik\Kod\rogalik\Debug\CL.write.1.tlog
D:\STUDIA\SEMESTR V\INżYNIERIA OPROGRAMOWANIA\GIT\ROGALIK\KOD\ROGALIK\DEBUG\GAME.OBJ
D:\STUDIA\SEMESTR V\INżYNIERIA OPROGRAMOWANIA\GIT\ROGALIK\KOD\ROGALIK\DEBUG\IMAGERES.OBJ
D:\studia\Semestr V\Inżynieria Oprogramowania\git\rogalik\Kod\rogalik\Debug\link.command.1.tlog
D:\studia\Semestr V\Inżynieria Oprogramowania\git\rogalik\Kod\rogalik\Debug\link.read.1.tlog
D:\studia\Semestr V\Inżynieria Oprogramowania\git\rogalik\Kod\rogalik\Debug\link.write.1.tlog
D:\STUDIA\SEMESTR V\INżYNIERIA OPROGRAMOWANIA\GIT\ROGALIK\KOD\ROGALIK\DEBUG\MAIN.OBJ
D:\studia\Semestr V\Inżynieria Oprogramowania\git\rogalik\Kod\rogalik\Debug\mt.command.1.tlog
D:\studia\Semestr V\Inżynieria Oprogramowania\git\rogalik\Kod\rogalik\Debug\mt.read.1.tlog
D:\studia\Semestr V\Inżynieria Oprogramowania\git\rogalik\Kod\rogalik\Debug\mt.write.1.tlog
D:\STUDIA\SEMESTR V\INżYNIERIA OPROGRAMOWANIA\GIT\ROGALIK\KOD\ROGALIK\DEBUG\POSITION.OBJ
D:\STUDIA\SEMESTR V\INżYNIERIA OPROGRAMOWANIA\GIT\ROGALIK\KOD\ROGALIK\DEBUG\ROGALIK.EXE
D:\STUDIA\SEMESTR V\INżYNIERIA OPROGRAMOWANIA\GIT\ROGALIK\KOD\ROGALIK\DEBUG\ROGALIK.EXE.INTERMEDIATE.MANIFEST
D:\STUDIA\SEMESTR V\INżYNIERIA OPROGRAMOWANIA\GIT\ROGALIK\KOD\ROGALIK\DEBUG\ROGALIK.ILK
D:\STUDIA\SEMESTR V\INŻYNIERIA OPROGRAMOWANIA\GIT\ROGALIK\KOD\ROGALIK\DEBUG\ROGALIK.PDB
D:\STUDIA\SEMESTR V\INżYNIERIA OPROGRAMOWANIA\GIT\ROGALIK\KOD\ROGALIK\DEBUG\TERRAIN.OBJ
D:\STUDIA\SEMESTR V\INżYNIERIA OPROGRAMOWANIA\GIT\ROGALIK\KOD\ROGALIK\DEBUG\TILE.OBJ
D:\studia\Semestr V\Inżynieria Oprogramowania\git\rogalik\Kod\rogalik\Debug\vc100.idb
D:\STUDIA\SEMESTR V\INŻYNIERIA OPROGRAMOWANIA\GIT\ROGALIK\KOD\ROGALIK\DEBUG\VC100.PDB
