D:\studia\Semestr V\Inżynieria Oprogramowania\git\rogalik\Kod\rogalik\Release\cl.command.1.tlog
D:\studia\Semestr V\Inżynieria Oprogramowania\git\rogalik\Kod\rogalik\Release\CL.read.1.tlog
D:\studia\Semestr V\Inżynieria Oprogramowania\git\rogalik\Kod\rogalik\Release\CL.write.1.tlog
D:\STUDIA\SEMESTR V\INżYNIERIA OPROGRAMOWANIA\GIT\ROGALIK\KOD\ROGALIK\RELEASE\CREATURE.OBJ
D:\STUDIA\SEMESTR V\INżYNIERIA OPROGRAMOWANIA\GIT\ROGALIK\KOD\ROGALIK\RELEASE\ENEMY.OBJ
D:\STUDIA\SEMESTR V\INżYNIERIA OPROGRAMOWANIA\GIT\ROGALIK\KOD\ROGALIK\RELEASE\GAME.OBJ
D:\STUDIA\SEMESTR V\INżYNIERIA OPROGRAMOWANIA\GIT\ROGALIK\KOD\ROGALIK\RELEASE\GAMEBUILDER.OBJ
D:\STUDIA\SEMESTR V\INżYNIERIA OPROGRAMOWANIA\GIT\ROGALIK\KOD\ROGALIK\RELEASE\IMAGERES.OBJ
D:\studia\Semestr V\Inżynieria Oprogramowania\git\rogalik\Kod\rogalik\Release\link.command.1.tlog
D:\studia\Semestr V\Inżynieria Oprogramowania\git\rogalik\Kod\rogalik\Release\link.read.1.tlog
D:\studia\Semestr V\Inżynieria Oprogramowania\git\rogalik\Kod\rogalik\Release\link.write.1.tlog
D:\STUDIA\SEMESTR V\INżYNIERIA OPROGRAMOWANIA\GIT\ROGALIK\KOD\ROGALIK\RELEASE\MAIN.OBJ
D:\studia\Semestr V\Inżynieria Oprogramowania\git\rogalik\Kod\rogalik\Release\mt.command.1.tlog
D:\studia\Semestr V\Inżynieria Oprogramowania\git\rogalik\Kod\rogalik\Release\mt.read.1.tlog
D:\studia\Semestr V\Inżynieria Oprogramowania\git\rogalik\Kod\rogalik\Release\mt.write.1.tlog
D:\STUDIA\SEMESTR V\INżYNIERIA OPROGRAMOWANIA\GIT\ROGALIK\KOD\ROGALIK\RELEASE\NPC.OBJ
D:\STUDIA\SEMESTR V\INżYNIERIA OPROGRAMOWANIA\GIT\ROGALIK\KOD\ROGALIK\RELEASE\PLAYER.OBJ
D:\STUDIA\SEMESTR V\INżYNIERIA OPROGRAMOWANIA\GIT\ROGALIK\KOD\ROGALIK\RELEASE\POSITION.OBJ
D:\STUDIA\SEMESTR V\INżYNIERIA OPROGRAMOWANIA\GIT\ROGALIK\KOD\ROGALIK\RELEASE\ROGALIK.EXE
D:\STUDIA\SEMESTR V\INżYNIERIA OPROGRAMOWANIA\GIT\ROGALIK\KOD\ROGALIK\RELEASE\ROGALIK.EXE.INTERMEDIATE.MANIFEST
D:\STUDIA\SEMESTR V\INŻYNIERIA OPROGRAMOWANIA\GIT\ROGALIK\KOD\ROGALIK\RELEASE\ROGALIK.PDB
D:\STUDIA\SEMESTR V\INŻYNIERIA OPROGRAMOWANIA\GIT\ROGALIK\KOD\ROGALIK\RELEASE\TERRAIN.OBJ
D:\STUDIA\SEMESTR V\INżYNIERIA OPROGRAMOWANIA\GIT\ROGALIK\KOD\ROGALIK\RELEASE\TILE.OBJ
D:\STUDIA\SEMESTR V\INŻYNIERIA OPROGRAMOWANIA\GIT\ROGALIK\KOD\ROGALIK\RELEASE\VC100.PDB
