  Creature.cpp
Creature.cpp(20): warning C4244: 'argument' : conversion from 'int' to 'float', possible loss of data
Creature.cpp(20): warning C4244: 'argument' : conversion from 'int' to 'float', possible loss of data
  Enemy.cpp
  Game.cpp
  GameBuilder.cpp
GameBuilder.cpp(28): warning C4018: '<' : signed/unsigned mismatch
GameBuilder.cpp(30): warning C4018: '<' : signed/unsigned mismatch
  ImageRes.cpp
  main.cpp
  NPC.cpp
  Player.cpp
Player.cpp(4): warning C4305: 'initializing' : truncation from 'double' to 'float'
Player.cpp(4): warning C4305: 'initializing' : truncation from 'double' to 'float'
Player.cpp(15): warning C4244: 'initializing' : conversion from 'const float' to 'int', possible loss of data
Player.cpp(16): warning C4244: 'argument' : conversion from 'unsigned int' to 'float', possible loss of data
Player.cpp(20): warning C4244: 'initializing' : conversion from 'const float' to 'int', possible loss of data
Player.cpp(21): warning C4244: 'argument' : conversion from 'unsigned int' to 'float', possible loss of data
Player.cpp(29): warning C4305: '+=' : truncation from 'double' to 'float'
  Position.cpp
  Terrain.cpp
Terrain.cpp(482): warning C4018: '<' : signed/unsigned mismatch
Terrain.cpp(484): warning C4018: '<' : signed/unsigned mismatch
Terrain.cpp(497): warning C4101: 'oor' : unreferenced local variable
  Tile.cpp
Tile.cpp(17): warning C4244: 'argument' : conversion from 'int' to 'float', possible loss of data
Tile.cpp(17): warning C4244: 'argument' : conversion from 'int' to 'float', possible loss of data
  Generating code
  Finished generating code
  rogalik.vcxproj -> D:\studia\Semestr V\Inżynieria Oprogramowania\git\rogalik\Kod\rogalik\Release\rogalik.exe
